[2019-09-22 12:47:54.983] [exthost] [info] extension host started
[2019-09-22 12:47:55.032] [exthost] [info] ExtensionService#_doActivateExtension vscode.python {"startup":false,"activationEvent":"onLanguage:python"}
[2019-09-22 12:47:55.033] [exthost] [info] ExtensionService#loadCommonJSModule file:///home/rrprabhu/.vscode-server/bin/b37e54c98e1a74ba89e03073e5a3761284e3ffb0/extensions/python/dist/pythonMain
[2019-09-22 12:47:55.035] [exthost] [info] ExtensionService#_doActivateExtension ms-python.python {"startup":false,"activationEvent":"onLanguage:python"}
[2019-09-22 12:47:55.035] [exthost] [info] ExtensionService#loadCommonJSModule file:///home/rrprabhu/.vscode-server/extensions/ms-python.python-2019.9.34911/out/client/extension
[2019-09-22 12:47:55.334] [exthost] [info] ExtensionService#_doActivateExtension vscode.debug-auto-launch {"startup":true,"activationEvent":"*"}
[2019-09-22 12:47:55.334] [exthost] [info] ExtensionService#loadCommonJSModule file:///home/rrprabhu/.vscode-server/bin/b37e54c98e1a74ba89e03073e5a3761284e3ffb0/extensions/debug-auto-launch/dist/extension
[2019-09-22 12:47:55.336] [exthost] [info] ExtensionService#_doActivateExtension vscode.emmet {"startup":true,"activationEvent":"*"}
[2019-09-22 12:47:55.337] [exthost] [info] ExtensionService#loadCommonJSModule file:///home/rrprabhu/.vscode-server/bin/b37e54c98e1a74ba89e03073e5a3761284e3ffb0/extensions/emmet/dist/extension
[2019-09-22 12:47:55.362] [exthost] [info] ExtensionService#_doActivateExtension vscode.git {"startup":true,"activationEvent":"*"}
[2019-09-22 12:47:55.362] [exthost] [info] ExtensionService#loadCommonJSModule file:///home/rrprabhu/.vscode-server/bin/b37e54c98e1a74ba89e03073e5a3761284e3ffb0/extensions/git/dist/main
[2019-09-22 12:47:55.416] [exthost] [info] ExtensionService#_doActivateExtension vscode.merge-conflict {"startup":true,"activationEvent":"*"}
[2019-09-22 12:47:55.416] [exthost] [info] ExtensionService#loadCommonJSModule file:///home/rrprabhu/.vscode-server/bin/b37e54c98e1a74ba89e03073e5a3761284e3ffb0/extensions/merge-conflict/dist/extension
[2019-09-22 12:47:55.422] [exthost] [info] eager extensions activated
[2019-09-22 12:48:04.362] [exthost] [info] ExtensionService#_doActivateExtension vscode.debug-server-ready {"startup":false,"activationEvent":"onDebugResolve"}
[2019-09-22 12:48:04.362] [exthost] [info] ExtensionService#loadCommonJSModule file:///home/rrprabhu/.vscode-server/bin/b37e54c98e1a74ba89e03073e5a3761284e3ffb0/extensions/debug-server-ready/dist/extension
[2019-09-22 12:48:45.278] [exthost] [info] ExtensionService#_doActivateExtension vscode.html-language-features {"startup":false,"activationEvent":"onLanguage:html"}
[2019-09-22 12:48:45.279] [exthost] [info] ExtensionService#loadCommonJSModule file:///home/rrprabhu/.vscode-server/bin/b37e54c98e1a74ba89e03073e5a3761284e3ffb0/extensions/html-language-features/client/dist/htmlMain
[2019-09-22 12:49:27.895] [exthost] [info] ExtensionService#_doActivateExtension vscode.configuration-editing {"startup":false,"activationEvent":"onLanguage:jsonc"}
[2019-09-22 12:49:27.895] [exthost] [info] ExtensionService#loadCommonJSModule file:///home/rrprabhu/.vscode-server/bin/b37e54c98e1a74ba89e03073e5a3761284e3ffb0/extensions/configuration-editing/dist/extension
[2019-09-22 12:49:27.899] [exthost] [info] ExtensionService#_doActivateExtension vscode.json-language-features {"startup":false,"activationEvent":"onLanguage:jsonc"}
[2019-09-22 12:49:27.899] [exthost] [info] ExtensionService#loadCommonJSModule file:///home/rrprabhu/.vscode-server/bin/b37e54c98e1a74ba89e03073e5a3761284e3ffb0/extensions/json-language-features/client/dist/jsonMain
[2019-09-22 12:49:27.935] [exthost] [info] ExtensionService#_doActivateExtension vscode.typescript-language-features {"startup":false,"activationEvent":"onLanguage:jsonc"}
[2019-09-22 12:49:27.935] [exthost] [info] ExtensionService#loadCommonJSModule file:///home/rrprabhu/.vscode-server/bin/b37e54c98e1a74ba89e03073e5a3761284e3ffb0/extensions/typescript-language-features/dist/extension
