[2019-09-22 18:21:11.955] [exthost] [info] extension host started
[2019-09-22 18:21:11.993] [exthost] [info] ExtensionService#_doActivateExtension vscode.debug-auto-launch {"startup":true,"activationEvent":"*"}
[2019-09-22 18:21:11.993] [exthost] [info] ExtensionService#loadCommonJSModule file:///home/rrprabhu/.vscode-server/bin/b37e54c98e1a74ba89e03073e5a3761284e3ffb0/extensions/debug-auto-launch/dist/extension
[2019-09-22 18:21:11.998] [exthost] [info] ExtensionService#_doActivateExtension vscode.emmet {"startup":true,"activationEvent":"*"}
[2019-09-22 18:21:11.998] [exthost] [info] ExtensionService#loadCommonJSModule file:///home/rrprabhu/.vscode-server/bin/b37e54c98e1a74ba89e03073e5a3761284e3ffb0/extensions/emmet/dist/extension
[2019-09-22 18:21:12.029] [exthost] [info] ExtensionService#_doActivateExtension vscode.git {"startup":true,"activationEvent":"*"}
[2019-09-22 18:21:12.030] [exthost] [info] ExtensionService#loadCommonJSModule file:///home/rrprabhu/.vscode-server/bin/b37e54c98e1a74ba89e03073e5a3761284e3ffb0/extensions/git/dist/main
[2019-09-22 18:21:12.094] [exthost] [info] ExtensionService#_doActivateExtension vscode.merge-conflict {"startup":true,"activationEvent":"*"}
[2019-09-22 18:21:12.094] [exthost] [info] ExtensionService#loadCommonJSModule file:///home/rrprabhu/.vscode-server/bin/b37e54c98e1a74ba89e03073e5a3761284e3ffb0/extensions/merge-conflict/dist/extension
[2019-09-22 18:21:12.099] [exthost] [info] eager extensions activated
[2019-09-22 18:21:14.442] [exthost] [info] ExtensionService#_doActivateExtension vscode.python {"startup":false,"activationEvent":"onLanguage:python"}
[2019-09-22 18:21:14.442] [exthost] [info] ExtensionService#loadCommonJSModule file:///home/rrprabhu/.vscode-server/bin/b37e54c98e1a74ba89e03073e5a3761284e3ffb0/extensions/python/dist/pythonMain
[2019-09-22 18:21:14.443] [exthost] [info] ExtensionService#_doActivateExtension ms-python.python {"startup":false,"activationEvent":"onLanguage:python"}
[2019-09-22 18:21:14.443] [exthost] [info] ExtensionService#loadCommonJSModule file:///home/rrprabhu/.vscode-server/extensions/ms-python.python-2019.9.34911/out/client/extension
[2019-09-22 18:21:27.901] [exthost] [info] ExtensionService#_doActivateExtension vscode.configuration-editing {"startup":false,"activationEvent":"onLanguage:jsonc"}
[2019-09-22 18:21:27.901] [exthost] [info] ExtensionService#loadCommonJSModule file:///home/rrprabhu/.vscode-server/bin/b37e54c98e1a74ba89e03073e5a3761284e3ffb0/extensions/configuration-editing/dist/extension
[2019-09-22 18:21:27.907] [exthost] [info] ExtensionService#_doActivateExtension vscode.json-language-features {"startup":false,"activationEvent":"onLanguage:jsonc"}
[2019-09-22 18:21:27.907] [exthost] [info] ExtensionService#loadCommonJSModule file:///home/rrprabhu/.vscode-server/bin/b37e54c98e1a74ba89e03073e5a3761284e3ffb0/extensions/json-language-features/client/dist/jsonMain
[2019-09-22 18:21:27.950] [exthost] [info] ExtensionService#_doActivateExtension vscode.typescript-language-features {"startup":false,"activationEvent":"onLanguage:jsonc"}
[2019-09-22 18:21:27.950] [exthost] [info] ExtensionService#loadCommonJSModule file:///home/rrprabhu/.vscode-server/bin/b37e54c98e1a74ba89e03073e5a3761284e3ffb0/extensions/typescript-language-features/dist/extension
[2019-09-22 18:55:47.326] [exthost] [info] ExtensionService#_doActivateExtension vscode.html-language-features {"startup":false,"activationEvent":"onLanguage:html"}
[2019-09-22 18:55:47.327] [exthost] [info] ExtensionService#loadCommonJSModule file:///home/rrprabhu/.vscode-server/bin/b37e54c98e1a74ba89e03073e5a3761284e3ffb0/extensions/html-language-features/client/dist/htmlMain
[2019-09-22 19:04:00.116] [exthost] [info] ExtensionService#_doActivateExtension vscode.debug-server-ready {"startup":false,"activationEvent":"onDebugResolve"}
[2019-09-22 19:04:00.116] [exthost] [info] ExtensionService#loadCommonJSModule file:///home/rrprabhu/.vscode-server/bin/b37e54c98e1a74ba89e03073e5a3761284e3ffb0/extensions/debug-server-ready/dist/extension
