[2019-09-22 12:40:30.014] [exthost] [info] extension host started
[2019-09-22 12:40:30.125] [exthost] [info] ExtensionService#_doActivateExtension vscode.python {"startup":false,"activationEvent":"onLanguage:python"}
[2019-09-22 12:40:30.126] [exthost] [info] ExtensionService#loadCommonJSModule file:///home/rrprabhu/.vscode-server/bin/b37e54c98e1a74ba89e03073e5a3761284e3ffb0/extensions/python/dist/pythonMain
[2019-09-22 12:40:30.128] [exthost] [info] ExtensionService#_doActivateExtension ms-python.python {"startup":false,"activationEvent":"onLanguage:python"}
[2019-09-22 12:40:30.129] [exthost] [info] ExtensionService#loadCommonJSModule file:///home/rrprabhu/.vscode-server/extensions/ms-python.python-2019.9.34911/out/client/extension
[2019-09-22 12:40:30.467] [exthost] [info] ExtensionService#_doActivateExtension vscode.configuration-editing {"startup":false,"activationEvent":"onLanguage:json"}
[2019-09-22 12:40:30.467] [exthost] [info] ExtensionService#loadCommonJSModule file:///home/rrprabhu/.vscode-server/bin/b37e54c98e1a74ba89e03073e5a3761284e3ffb0/extensions/configuration-editing/dist/extension
[2019-09-22 12:40:30.472] [exthost] [info] ExtensionService#_doActivateExtension vscode.extension-editing {"startup":false,"activationEvent":"onLanguage:json"}
[2019-09-22 12:40:30.472] [exthost] [info] ExtensionService#loadCommonJSModule file:///home/rrprabhu/.vscode-server/bin/b37e54c98e1a74ba89e03073e5a3761284e3ffb0/extensions/extension-editing/dist/extension
[2019-09-22 12:40:30.488] [exthost] [info] ExtensionService#_doActivateExtension vscode.json-language-features {"startup":false,"activationEvent":"onLanguage:json"}
[2019-09-22 12:40:30.488] [exthost] [info] ExtensionService#loadCommonJSModule file:///home/rrprabhu/.vscode-server/bin/b37e54c98e1a74ba89e03073e5a3761284e3ffb0/extensions/json-language-features/client/dist/jsonMain
[2019-09-22 12:40:30.522] [exthost] [info] ExtensionService#_doActivateExtension vscode.npm {"startup":false,"activationEvent":"onLanguage:json"}
[2019-09-22 12:40:30.522] [exthost] [info] ExtensionService#loadCommonJSModule file:///home/rrprabhu/.vscode-server/bin/b37e54c98e1a74ba89e03073e5a3761284e3ffb0/extensions/npm/dist/main
[2019-09-22 12:40:30.532] [exthost] [info] ExtensionService#_doActivateExtension vscode.typescript-language-features {"startup":false,"activationEvent":"onLanguage:typescript"}
[2019-09-22 12:40:30.532] [exthost] [info] ExtensionService#loadCommonJSModule file:///home/rrprabhu/.vscode-server/bin/b37e54c98e1a74ba89e03073e5a3761284e3ffb0/extensions/typescript-language-features/dist/extension
[2019-09-22 12:40:30.565] [exthost] [info] ExtensionService#_doActivateExtension vscode.emmet {"startup":false,"activationEvent":"onLanguage:html"}
[2019-09-22 12:40:30.565] [exthost] [info] ExtensionService#loadCommonJSModule file:///home/rrprabhu/.vscode-server/bin/b37e54c98e1a74ba89e03073e5a3761284e3ffb0/extensions/emmet/dist/extension
[2019-09-22 12:40:30.596] [exthost] [info] ExtensionService#_doActivateExtension vscode.html-language-features {"startup":false,"activationEvent":"onLanguage:html"}
[2019-09-22 12:40:30.596] [exthost] [info] ExtensionService#loadCommonJSModule file:///home/rrprabhu/.vscode-server/bin/b37e54c98e1a74ba89e03073e5a3761284e3ffb0/extensions/html-language-features/client/dist/htmlMain
[2019-09-22 12:40:30.625] [exthost] [info] ExtensionService#_doActivateExtension vscode.debug-auto-launch {"startup":true,"activationEvent":"*"}
[2019-09-22 12:40:30.625] [exthost] [info] ExtensionService#loadCommonJSModule file:///home/rrprabhu/.vscode-server/bin/b37e54c98e1a74ba89e03073e5a3761284e3ffb0/extensions/debug-auto-launch/dist/extension
[2019-09-22 12:40:30.627] [exthost] [info] ExtensionService#_doActivateExtension vscode.git {"startup":true,"activationEvent":"*"}
[2019-09-22 12:40:30.627] [exthost] [info] ExtensionService#loadCommonJSModule file:///home/rrprabhu/.vscode-server/bin/b37e54c98e1a74ba89e03073e5a3761284e3ffb0/extensions/git/dist/main
[2019-09-22 12:40:30.693] [exthost] [info] ExtensionService#_doActivateExtension vscode.merge-conflict {"startup":true,"activationEvent":"*"}
[2019-09-22 12:40:30.693] [exthost] [info] ExtensionService#loadCommonJSModule file:///home/rrprabhu/.vscode-server/bin/b37e54c98e1a74ba89e03073e5a3761284e3ffb0/extensions/merge-conflict/dist/extension
[2019-09-22 12:40:30.699] [exthost] [info] eager extensions activated
[2019-09-22 12:41:00.012] [exthost] [info] ExtensionService#_doActivateExtension vscode.debug-server-ready {"startup":false,"activationEvent":"onDebugResolve"}
[2019-09-22 12:41:00.012] [exthost] [info] ExtensionService#loadCommonJSModule file:///home/rrprabhu/.vscode-server/bin/b37e54c98e1a74ba89e03073e5a3761284e3ffb0/extensions/debug-server-ready/dist/extension
